<?xml version="1.0" encoding="UTF-8"?>
<!-- Generated by org.testng.reporters.JUnitXMLReporter -->
<testsuite ignored="0" hostname="Rahmed" failures="1" tests="2" name="demoTest" time="106.862" errors="0" timestamp="2023-09-04T18:06:01 IST">
  <testcase classname="testCases.TC_01_AccountRegistrationTest" name="test_account_registration" time="9.756"/>
  <testcase classname="testCases.TC_02_LoginTest" name="test_login" time="21.657">
    <failure type="java.lang.AssertionError" message="expected [true] but found [false]">
      <![CDATA[java.lang.AssertionError: expected [true] but found [false]
at testCases.TC_02_LoginTest.test_login(TC_02_LoginTest.java:35)
at java.base/java.util.ArrayList.forEach(ArrayList.java:1511)
... Removed 34 stack frames]]>
    </failure>
  </testcase> <!-- test_login -->
</testsuite> <!-- demoTest -->
